Using pre-set license
Built from '2020.3/release' branch; Version is '2020.3.12f1 (b3b2c6512326) revision 11776710'; Using compiler version '192528614'; Build Type 'Release'
OS: 'Windows 10 Pro; OS build 19042.1288; Version 2009; 64bit' Language: 'ru' Physical Memory: 32688 MB
BatchMode: 1, IsHumanControllingUs: 0, StartBugReporterOnCrash: 0, Is64bit: 1, IsPro: 0

 COMMAND LINE ARGUMENTS:
C:\Program Files\Unity\Hub\Editor\2020.3.12f1\Editor\Unity.exe
-adb2
-batchMode
-noUpm
-name
AssetImportWorker0
-projectPath
E:/Users/eliza/Unity Project
-logFile
Logs/AssetImportWorker0.log
-srvPort
53571
Successfully changed project path to: E:/Users/eliza/Unity Project
E:/Users/eliza/Unity Project
Using Asset Import Pipeline V2.
Refreshing native plugins compatible for Editor in 34.00 ms, found 3 plugins.
Preloading 0 native plugins for Editor in 0.00 ms.
Initialize engine version: 2020.3.12f1 (b3b2c6512326)
[Subsystems] Discovering subsystems at path C:/Program Files/Unity/Hub/Editor/2020.3.12f1/Editor/Data/Resources/UnitySubsystems
[Subsystems] Discovering subsystems at path E:/Users/eliza/Unity Project/Assets
GfxDevice: creating device client; threaded=0
Direct3D:
    Version:  Direct3D 11.0 [level 11.1]
    Renderer: NVIDIA GeForce RTX 3070 (ID=0x2484)
    Vendor:   
    VRAM:     8043 MB
    Driver:   30.0.14.7141
Initialize mono
Mono path[0] = 'C:/Program Files/Unity/Hub/Editor/2020.3.12f1/Editor/Data/Managed'
Mono path[1] = 'C:/Program Files/Unity/Hub/Editor/2020.3.12f1/Editor/Data/MonoBleedingEdge/lib/mono/unityjit'
Mono config path = 'C:/Program Files/Unity/Hub/Editor/2020.3.12f1/Editor/Data/MonoBleedingEdge/etc'
Using monoOptions --debugger-agent=transport=dt_socket,embedding=1,server=y,suspend=n,address=127.0.0.1:56100
Begin MonoManager ReloadAssembly
Registering precompiled unity dll's ...
Register platform support module: C:/Program Files/Unity/Hub/Editor/2020.3.12f1/Editor/Data/PlaybackEngines/WindowsStandaloneSupport/UnityEditor.WindowsStandalone.Extensions.dll
Registered in 0.001817 seconds.
Native extension for WindowsStandalone target not found
Refreshing native plugins compatible for Editor in 33.76 ms, found 3 plugins.
Preloading 0 native plugins for Editor in 0.00 ms.
Mono: successfully reloaded assembly
- Completed reload, in  1.518 seconds
Platform modules already initialized, skipping
Registering precompiled user dll's ...
Registered in 0.002660 seconds.
Begin MonoManager ReloadAssembly
Native extension for WindowsStandalone target not found
Refreshing native plugins compatible for Editor in 33.39 ms, found 3 plugins.
Preloading 0 native plugins for Editor in 0.00 ms.
Mono: successfully reloaded assembly
- Completed reload, in  0.875 seconds
Platform modules already initialized, skipping
========================================================================
Worker process is ready to serve import requests
Launched and connected shader compiler UnityShaderCompiler.exe after 0.03 seconds
Refreshing native plugins compatible for Editor in 0.38 ms, found 3 plugins.
Preloading 0 native plugins for Editor in 0.00 ms.
Unloading 2082 Unused Serialized files (Serialized files now loaded: 0)
System memory in use before: 92.9 MB.
System memory in use after: 92.8 MB.

Unloading 33 unused Assets to reduce memory usage. Loaded Objects now: 2515.
Total: 1.745200 ms (FindLiveObjects: 0.152600 ms CreateObjectMapping: 0.067300 ms MarkObjects: 1.426800 ms  DeleteObjects: 0.097900 ms)

AssetImportParameters requested are different than current active one (requested -> active):
  custom:framework-win-MediaFoundation: 216162199b28c13a410421893ffa2e32 -> 
  custom:video-decoder-ogg-theora: a1e56fd34408186e4bbccfd4996cb3dc -> 
  custom:container-muxer-webm: aa71ff27fc2769a1b78a27578f13a17b -> 
  custom:container-demuxer-webm: 4f35f7cbe854078d1ac9338744f61a02 -> 
  custom:container-demuxer-ogg: 62fdf1f143b41e24485cea50d1cbac27 -> 
  custom:video-encoder-webm-vp8: eb34c28f22e8b96e1ab97ce403110664 -> 
  custom:video-decoder-webm-vp8: 9c59270c3fd7afecdb556c50c9e8de78 -> 
  custom:audio-decoder-ogg-vorbis: bf7c407c2cedff20999df2af8eb42d56 -> 
  custom:audio-encoder-webm-vorbis: bf7c407c2cedff20999df2af8eb42d56 -> 
========================================================================
Received Import Request.
  path: Assets/Scripts/Player.cs
  artifactKey: Guid(320eec7e7d28b46439a52c19b8a49013) Importer(815301076,1909f56bfc062723c751e8b465ee728b)
Start importing Assets/Scripts/Player.cs using Guid(320eec7e7d28b46439a52c19b8a49013) Importer(815301076,1909f56bfc062723c751e8b465ee728b)  -> (artifact id: 'd03a1ccee5af5bc17b5b4265131d53ce') in 0.016604 seconds 
  Import took 0.019028 seconds .

========================================================================
Received Import Request.
  Time since last request: 0.009498 seconds.
  path: Assets/Scripts/Player.cs
  artifactKey: Guid(320eec7e7d28b46439a52c19b8a49013) Importer(815301076,1909f56bfc062723c751e8b465ee728b)
Start importing Assets/Scripts/Player.cs using Guid(320eec7e7d28b46439a52c19b8a49013) Importer(815301076,1909f56bfc062723c751e8b465ee728b)  -> (artifact id: 'd03a1ccee5af5bc17b5b4265131d53ce') in 0.001190 seconds 
  Import took 0.003471 seconds .

========================================================================
Received Import Request.
  Time since last request: 69.186909 seconds.
  path: Assets/Animations/idle.anim
  artifactKey: Guid(19d614416e29ae9458511c17da53bc5d) Importer(815301076,1909f56bfc062723c751e8b465ee728b)
Start importing Assets/Animations/idle.anim using Guid(19d614416e29ae9458511c17da53bc5d) Importer(815301076,1909f56bfc062723c751e8b465ee728b)  -> (artifact id: '22aa91a1f54e2df32b083bb5cebbe6a1') in 0.010688 seconds 
  Import took 0.013463 seconds .

========================================================================
Received Import Request.
  Time since last request: 1.745597 seconds.
  path: Assets/Animations/jump.anim
  artifactKey: Guid(7671623de5afb484483e9d2336e774c0) Importer(815301076,1909f56bfc062723c751e8b465ee728b)
Start importing Assets/Animations/jump.anim using Guid(7671623de5afb484483e9d2336e774c0) Importer(815301076,1909f56bfc062723c751e8b465ee728b)  -> (artifact id: '225463af087440d6bb23b34b2128dd39') in 0.001673 seconds 
  Import took 0.003930 seconds .

========================================================================
Received Import Request.
  Time since last request: 0.333571 seconds.
  path: Assets/Animations/Player.controller
  artifactKey: Guid(ffc27194b7f1adf4a907a318303dd917) Importer(815301076,1909f56bfc062723c751e8b465ee728b)
Start importing Assets/Animations/Player.controller using Guid(ffc27194b7f1adf4a907a318303dd917) Importer(815301076,1909f56bfc062723c751e8b465ee728b)  -> (artifact id: 'f759dfc0cba811ad57f1464ded1c3503') in 0.003565 seconds 
  Import took 0.006025 seconds .

========================================================================
Received Import Request.
  Time since last request: 1.914470 seconds.
  path: Assets/Animations/walk.anim
  artifactKey: Guid(883c7216ea9b4a645b8b34b55a59077c) Importer(815301076,1909f56bfc062723c751e8b465ee728b)
Start importing Assets/Animations/walk.anim using Guid(883c7216ea9b4a645b8b34b55a59077c) Importer(815301076,1909f56bfc062723c751e8b465ee728b)  -> (artifact id: '2c0c3b014f1e6fd9262352e11fb99f92') in 0.001637 seconds 
  Import took 0.003913 seconds .

========================================================================
Received Prepare
Registering precompiled user dll's ...
Registered in 0.002552 seconds.
Begin MonoManager ReloadAssembly
Native extension for WindowsStandalone target not found
Refreshing native plugins compatible for Editor in 0.38 ms, found 3 plugins.
Preloading 0 native plugins for Editor in 0.00 ms.
Mono: successfully reloaded assembly
- Completed reload, in  0.775 seconds
Platform modules already initialized, skipping
Refreshing native plugins compatible for Editor in 0.35 ms, found 3 plugins.
Preloading 0 native plugins for Editor in 0.00 ms.
Unloading 2077 Unused Serialized files (Serialized files now loaded: 0)
System memory in use before: 92.9 MB.
System memory in use after: 92.9 MB.

Unloading 21 unused Assets to reduce memory usage. Loaded Objects now: 2519.
Total: 1.795100 ms (FindLiveObjects: 0.143800 ms CreateObjectMapping: 0.082300 ms MarkObjects: 1.489300 ms  DeleteObjects: 0.079000 ms)

AssetImportParameters requested are different than current active one (requested -> active):
  custom:framework-win-MediaFoundation: 216162199b28c13a410421893ffa2e32 -> 
  custom:video-decoder-ogg-theora: a1e56fd34408186e4bbccfd4996cb3dc -> 
  custom:container-muxer-webm: aa71ff27fc2769a1b78a27578f13a17b -> 
  custom:container-demuxer-webm: 4f35f7cbe854078d1ac9338744f61a02 -> 
  custom:container-demuxer-ogg: 62fdf1f143b41e24485cea50d1cbac27 -> 
  custom:video-encoder-webm-vp8: eb34c28f22e8b96e1ab97ce403110664 -> 
  custom:video-decoder-webm-vp8: 9c59270c3fd7afecdb556c50c9e8de78 -> 
  custom:audio-decoder-ogg-vorbis: bf7c407c2cedff20999df2af8eb42d56 -> 
  custom:audio-encoder-webm-vorbis: bf7c407c2cedff20999df2af8eb42d56 -> 
AssetImportWorkerClient::OnTransportError - code=2 error=End of file
